c:\users\user\documents\visual studio 2010\projects\c++\игры\x-o\x-o\debug\main.obj
c:\users\user\documents\visual studio 2010\projects\c++\игры\x-o\x-o\debug\vc100.pdb
c:\users\user\documents\visual studio 2010\projects\c++\игры\x-o\x-o\debug\.netframework,version=v4.0.assemblyattributes.obj
c:\users\user\documents\visual studio 2010\projects\c++\игры\x-o\debug\x-o.ilk
c:\users\user\documents\visual studio 2010\projects\c++\игры\x-o\debug\x-o.exe
c:\users\user\documents\visual studio 2010\projects\c++\игры\x-o\x-o\debug\x-o.exe.intermediate.manifest
c:\users\user\documents\visual studio 2010\projects\c++\игры\x-o\debug\x-o.pdb
e:\4course\microsoftvusualstudio(projects)\c++\игры\x-o\x-o\debug\vc142.pdb
e:\4course\microsoftvusualstudio(projects)\c++\игры\x-o\x-o\debug\.netframework,version=v4.0.assemblyattributes.obj
e:\4course\microsoftvusualstudio(projects)\c++\игры\x-o\x-o\debug\main.obj
e:\4course\microsoftvusualstudio(projects)\c++\игры\x-o\x-o\debug\x-o.vcxprojresolveassemblyreference.cache
e:\4course\microsoftvusualstudio(projects)\c++\игры\x-o\x-o\debug\x-o.vcxprojassemblyreference.cache
e:\4course\microsoftvusualstudio(projects)\c++\игры\x-o\x-o\debug\cl.command.1.tlog
e:\4course\microsoftvusualstudio(projects)\c++\игры\x-o\x-o\debug\cl.read.1.tlog
e:\4course\microsoftvusualstudio(projects)\c++\игры\x-o\x-o\debug\cl.write.1.tlog
e:\4course\microsoftvusualstudio(projects)\c++\игры\x-o\x-o\debug\link.2128.read.1.tlog
e:\4course\microsoftvusualstudio(projects)\c++\игры\x-o\x-o\debug\link.2128.write.1.tlog
e:\4course\microsoftvusualstudio(projects)\c++\игры\x-o\x-o\debug\link.5704.read.1.tlog
e:\4course\microsoftvusualstudio(projects)\c++\игры\x-o\x-o\debug\link.5704.write.1.tlog
e:\4course\microsoftvusualstudio(projects)\c++\игры\x-o\x-o\debug\link.5716.read.1.tlog
e:\4course\microsoftvusualstudio(projects)\c++\игры\x-o\x-o\debug\link.5716.write.1.tlog
e:\4course\microsoftvusualstudio(projects)\c++\игры\x-o\x-o\debug\link.6004.read.1.tlog
e:\4course\microsoftvusualstudio(projects)\c++\игры\x-o\x-o\debug\link.6004.write.1.tlog
e:\4course\microsoftvusualstudio(projects)\c++\игры\x-o\x-o\debug\link.8996.read.1.tlog
e:\4course\microsoftvusualstudio(projects)\c++\игры\x-o\x-o\debug\link.8996.write.1.tlog
e:\4course\microsoftvusualstudio(projects)\c++\игры\x-o\x-o\debug\link.command.1.tlog
e:\4course\microsoftvusualstudio(projects)\c++\игры\x-o\x-o\debug\link.read.1.tlog
e:\4course\microsoftvusualstudio(projects)\c++\игры\x-o\x-o\debug\link.write.1.tlog
e:\4course\microsoftvusualstudio(projects)\c++\игры\x-o\x-o\debug\mt.command.1.tlog
e:\4course\microsoftvusualstudio(projects)\c++\игры\x-o\x-o\debug\mt.read.1.tlog
e:\4course\microsoftvusualstudio(projects)\c++\игры\x-o\x-o\debug\mt.write.1.tlog
e:\4course\microsoftvusualstudio(projects)\c++\игры\x-o\x-o\debug\x-o.write.1.tlog
e:\4course\microsoftvusualstudio(projects)\c++\игры\x-o\x-o\debug\x-o.exe.intermediate.manifest
e:\4course\microsoftvusualstudio(projects)\c++\игры\x-o\x-o\debug\vc100.pdb
e:\4course\microsoftvusualstudio(projects)\c++\игры\x-o\debug\x-o.pdb
e:\4course\microsoftvusualstudio(projects)\c++\игры\x-o\x-o\debug\x-o.tlog\metagen.write.1.tlog
e:\4course\microsoftvusualstudio(projects)\c++\игры\x-o\x-o\debug\x-o.tlog\cl.read.1.tlog
e:\4course\microsoftvusualstudio(projects)\c++\игры\x-o\x-o\debug\x-o.tlog\cl.write.1.tlog
e:\4course\microsoftvusualstudio(projects)\c++\игры\x-o\x-o\debug\x-o.tlog\cl.command.1.tlog
e:\4course\microsoftvusualstudio(projects)\c++\игры\x-o\x-o\debug\x-o.tlog\metagen.read.1.tlog
e:\4course\microsoftvusualstudio(projects)\c++\игры\x-o\x-o\debug\x-o.tlog\link.18768.4724-rc.read.1.tlog
e:\4course\microsoftvusualstudio(projects)\c++\игры\x-o\x-o\debug\x-o.tlog\link.18768.4724-rc.write.1.tlog
e:\4course\microsoftvusualstudio(projects)\c++\игры\x-o\x-o\debug\x-o.tlog\link.18768.4724-cvtres.read.1.tlog
e:\4course\microsoftvusualstudio(projects)\c++\игры\x-o\x-o\debug\x-o.tlog\link.18768.4724-cvtres.write.1.tlog
e:\4course\microsoftvusualstudio(projects)\c++\игры\x-o\x-o\debug\x-o.tlog\link.18768.4724.read.1.tlog
e:\4course\microsoftvusualstudio(projects)\c++\игры\x-o\x-o\debug\x-o.tlog\link.18768.4724.write.1.tlog
e:\4course\microsoftvusualstudio(projects)\c++\игры\x-o\x-o\debug\x-o.tlog\link.18768.read.1.tlog
e:\4course\microsoftvusualstudio(projects)\c++\игры\x-o\x-o\debug\x-o.tlog\link.18768.write.1.tlog
e:\4course\microsoftvusualstudio(projects)\c++\игры\x-o\x-o\debug\x-o.tlog\link.read.1.tlog
e:\4course\microsoftvusualstudio(projects)\c++\игры\x-o\x-o\debug\x-o.tlog\link.write.1.tlog
e:\4course\microsoftvusualstudio(projects)\c++\игры\x-o\x-o\debug\x-o.tlog\link.command.1.tlog
e:\4course\microsoftvusualstudio(projects)\c++\игры\x-o\x-o\debug\x-o.tlog\link.19396.20808-rc.read.1.tlog
e:\4course\microsoftvusualstudio(projects)\c++\игры\x-o\x-o\debug\x-o.tlog\link.19396.20808-rc.write.1.tlog
e:\4course\microsoftvusualstudio(projects)\c++\игры\x-o\x-o\debug\x-o.tlog\link.19396.20808-cvtres.read.1.tlog
e:\4course\microsoftvusualstudio(projects)\c++\игры\x-o\x-o\debug\x-o.tlog\link.19396.20808-cvtres.write.1.tlog
e:\4course\microsoftvusualstudio(projects)\c++\игры\x-o\x-o\debug\x-o.tlog\link.19396.20808.read.1.tlog
e:\4course\microsoftvusualstudio(projects)\c++\игры\x-o\x-o\debug\x-o.tlog\link.19396.20808.write.1.tlog
e:\4course\microsoftvusualstudio(projects)\c++\игры\x-o\x-o\debug\x-o.tlog\link.19396.read.1.tlog
e:\4course\microsoftvusualstudio(projects)\c++\игры\x-o\x-o\debug\x-o.tlog\link.19396.write.1.tlog
e:\4course\microsoftvusualstudio(projects)\c++\игры\x-o\x-o\debug\x-o.tlog\link.11008.12544-rc.read.1.tlog
e:\4course\microsoftvusualstudio(projects)\c++\игры\x-o\x-o\debug\x-o.tlog\link.11008.12544-rc.write.1.tlog
e:\4course\microsoftvusualstudio(projects)\c++\игры\x-o\x-o\debug\x-o.tlog\link.11008.12544-cvtres.read.1.tlog
e:\4course\microsoftvusualstudio(projects)\c++\игры\x-o\x-o\debug\x-o.tlog\link.11008.12544-cvtres.write.1.tlog
e:\4course\microsoftvusualstudio(projects)\c++\игры\x-o\x-o\debug\x-o.tlog\link.11008.12544.read.1.tlog
e:\4course\microsoftvusualstudio(projects)\c++\игры\x-o\x-o\debug\x-o.tlog\link.11008.12544.write.1.tlog
e:\4course\microsoftvusualstudio(projects)\c++\игры\x-o\x-o\debug\x-o.tlog\link.11008.read.1.tlog
e:\4course\microsoftvusualstudio(projects)\c++\игры\x-o\x-o\debug\x-o.tlog\link.11008.write.1.tlog
